22:05:03.118 INFO [GridLauncherV3.parse] - Selenium server version: 3.141.59, revision: e82be7d358
22:05:03.176 INFO [GridLauncherV3.lambda$buildLaunchers$3] - Launching a standalone Selenium Server on port 4444
2020-11-22 22:05:03.212:INFO::main: Logging initialized @236ms to org.seleniumhq.jetty9.util.log.StdErrLog
22:05:03.409 INFO [WebDriverServlet.<init>] - Initialising WebDriverServlet
22:05:03.481 INFO [SeleniumServer.boot] - Selenium Server is up and running on port 4444
22:05:03.604 INFO [ActiveSessionFactory.apply] - Capabilities are: {
  "acceptSslCerts": true,
  "browserName": "chrome",
  "chromeOptions": {
    "args": [
      "--disable-popup-blocking",
      "--no-sandbox"
    ]
  },
  "javascriptEnabled": true,
  "name": "Join Our Team \u002f Join Our Team Single Steps"
}
22:05:03.606 INFO [ActiveSessionFactory.lambda$apply$11] - Matched factory org.openqa.selenium.grid.session.remote.ServicedSession$Factory (provider: org.openqa.selenium.chrome.ChromeDriverService)
Starting ChromeDriver 2.46.628388 (4a34a70827ac54148e092aafb70504c4ea7ae926) on port 14269
Only local connections are allowed.
Please protect ports used by ChromeDriver and related test frameworks to prevent access by malicious code.
